Using pre-set license
Built from '2020.3/staging' branch; Version is '2020.3.6f1 (338bb68529b2) revision 3378102'; Using compiler version '192528614'; Build Type 'Release'
OS: 'Windows 10 Home Single Language; OS build 19041.985; Version 2004; 64bit' Language: 'en' Physical Memory: 8106 MB
BatchMode: 1, IsHumanControllingUs: 0, StartBugReporterOnCrash: 0, Is64bit: 1, IsPro: 0

 COMMAND LINE ARGUMENTS:
C:\Program Files\Unity\Hub\Editor\2020.3.6f1\Editor\Unity.exe
-adb2
-batchMode
-noUpm
-name
AssetImportWorker0
-projectPath
C:/Users/Hi/Desktop/Hyperdrive-Project
-logFile
Logs/AssetImportWorker0.log
-srvPort
2953
Successfully changed project path to: C:/Users/Hi/Desktop/Hyperdrive-Project
C:/Users/Hi/Desktop/Hyperdrive-Project
Using Asset Import Pipeline V2.
Refreshing native plugins compatible for Editor in 139.30 ms, found 0 plugins.
Preloading 0 native plugins for Editor in 0.00 ms.
Initialize engine version: 2020.3.6f1 (338bb68529b2)
[Subsystems] Discovering subsystems at path C:/Program Files/Unity/Hub/Editor/2020.3.6f1/Editor/Data/Resources/UnitySubsystems
[Subsystems] Discovering subsystems at path C:/Users/Hi/Desktop/Hyperdrive-Project/Assets
GfxDevice: creating device client; threaded=0
Direct3D:
    Version:  Direct3D 11.0 [level 11.1]
    Renderer: AMD Radeon R7 M260 (ID=0x6900)
    Vendor:   
    VRAM:     2038 MB
    Driver:   27.20.14501.18003
Initialize mono
Mono path[0] = 'C:/Program Files/Unity/Hub/Editor/2020.3.6f1/Editor/Data/Managed'
Mono path[1] = 'C:/Program Files/Unity/Hub/Editor/2020.3.6f1/Editor/Data/MonoBleedingEdge/lib/mono/unityjit'
Mono config path = 'C:/Program Files/Unity/Hub/Editor/2020.3.6f1/Editor/Data/MonoBleedingEdge/etc'
Using monoOptions --debugger-agent=transport=dt_socket,embedding=1,server=y,suspend=n,address=127.0.0.1:56016
Begin MonoManager ReloadAssembly
Registering precompiled unity dll's ...
Register platform support module: C:/Program Files/Unity/Hub/Editor/2020.3.6f1/Editor/Data/PlaybackEngines/WindowsStandaloneSupport/UnityEditor.WindowsStandalone.Extensions.dll
Registered in 0.016049 seconds.
Native extension for WindowsStandalone target not found
Refreshing native plugins compatible for Editor in 144.47 ms, found 0 plugins.
Preloading 0 native plugins for Editor in 0.00 ms.
Mono: successfully reloaded assembly
- Completed reload, in  5.976 seconds
Platform modules already initialized, skipping
Registering precompiled user dll's ...
Registered in 0.003318 seconds.
Begin MonoManager ReloadAssembly
Native extension for WindowsStandalone target not found
Refreshing native plugins compatible for Editor in 0.57 ms, found 0 plugins.
Preloading 0 native plugins for Editor in 0.00 ms.
Mono: successfully reloaded assembly
- Completed reload, in  2.724 seconds
Platform modules already initialized, skipping
========================================================================
Worker process is ready to serve import requests
Launched and connected shader compiler UnityShaderCompiler.exe after 0.19 seconds
Refreshing native plugins compatible for Editor in 0.86 ms, found 0 plugins.
Preloading 0 native plugins for Editor in 0.00 ms.
Unloading 1289 Unused Serialized files (Serialized files now loaded: 0)
System memory in use before: 72.2 MB.
System memory in use after: 72.3 MB.

Unloading 9 unused Assets to reduce memory usage. Loaded Objects now: 1739.
Total: 4.657800 ms (FindLiveObjects: 0.387000 ms CreateObjectMapping: 0.134500 ms MarkObjects: 3.973000 ms  DeleteObjects: 0.159800 ms)

========================================================================
Received Import Request.
  path: Assets/Scripts/Player.cs
  artifactKey: Guid(479053664dcc81441b6abcf06c010b97) Importer(815301076,1909f56bfc062723c751e8b465ee728b)
Start importing Assets/Scripts/Player.cs using Guid(479053664dcc81441b6abcf06c010b97) Importer(815301076,1909f56bfc062723c751e8b465ee728b)  -> (artifact id: '548e39e5eecfdd6a74d2ffa67a501e70') in 0.132137 seconds
  Import took 0.139677 seconds .

========================================================================
Received Prepare
Registering precompiled user dll's ...
Registered in 0.002585 seconds.
Begin MonoManager ReloadAssembly
Native extension for WindowsStandalone target not found
Refreshing native plugins compatible for Editor in 0.53 ms, found 0 plugins.
Preloading 0 native plugins for Editor in 0.00 ms.
Mono: successfully reloaded assembly
- Completed reload, in  2.753 seconds
Platform modules already initialized, skipping
Refreshing native plugins compatible for Editor in 1.00 ms, found 0 plugins.
Preloading 0 native plugins for Editor in 0.00 ms.
Unloading 1242 Unused Serialized files (Serialized files now loaded: 0)
System memory in use before: 68.0 MB.
System memory in use after: 68.1 MB.

Unloading 4 unused Assets to reduce memory usage. Loaded Objects now: 1742.
Total: 4.880800 ms (FindLiveObjects: 0.810500 ms CreateObjectMapping: 0.259000 ms MarkObjects: 3.779000 ms  DeleteObjects: 0.029700 ms)

========================================================================
Received Import Request.
  Time since last request: 50.262516 seconds.
  path: Assets/Scripts/Player.cs
  artifactKey: Guid(479053664dcc81441b6abcf06c010b97) Importer(815301076,1909f56bfc062723c751e8b465ee728b)
Start importing Assets/Scripts/Player.cs using Guid(479053664dcc81441b6abcf06c010b97) Importer(815301076,1909f56bfc062723c751e8b465ee728b)  -> (artifact id: '20693df8e7b496b3178ea6f899476999') in 0.010482 seconds
  Import took 0.016498 seconds .

========================================================================
Received Import Request.
  Time since last request: 6.359756 seconds.
  path: Assets/Scenes/Main-Menu.unity
  artifactKey: Guid(fb0e2d189e0c31549ab1dbcc3fd4a772) Importer(815301076,1909f56bfc062723c751e8b465ee728b)
Start importing Assets/Scenes/Main-Menu.unity using Guid(fb0e2d189e0c31549ab1dbcc3fd4a772) Importer(815301076,1909f56bfc062723c751e8b465ee728b)  -> (artifact id: '1c1543aee0b4b44c69cc573b900fcebe') in 0.023974 seconds
  Import took 0.028722 seconds .

========================================================================
Received Import Request.
  Time since last request: 0.014972 seconds.
  path: Assets/Scenes/Main-Menu.unity
  artifactKey: Guid(fb0e2d189e0c31549ab1dbcc3fd4a772) Importer(815301076,1909f56bfc062723c751e8b465ee728b)
Start importing Assets/Scenes/Main-Menu.unity using Guid(fb0e2d189e0c31549ab1dbcc3fd4a772) Importer(815301076,1909f56bfc062723c751e8b465ee728b)  -> (artifact id: '1c1543aee0b4b44c69cc573b900fcebe') in 0.010232 seconds
  Import took 0.018583 seconds .

========================================================================
Received Import Request.
  Time since last request: 2.358672 seconds.
  path: Assets/Scenes/Level-01.unity
  artifactKey: Guid(13bb4bf067948c847ace7973938802d7) Importer(815301076,1909f56bfc062723c751e8b465ee728b)
Start importing Assets/Scenes/Level-01.unity using Guid(13bb4bf067948c847ace7973938802d7) Importer(815301076,1909f56bfc062723c751e8b465ee728b)  -> (artifact id: '28ae225b80aa8074038e6807fdbf3003') in 0.040976 seconds
  Import took 0.064629 seconds .

========================================================================
Received Import Request.
  Time since last request: 1.109648 seconds.
  path: Assets/Scenes/Level-02.unity
  artifactKey: Guid(583af7d3afd45684cb3ebfe282610be3) Importer(815301076,1909f56bfc062723c751e8b465ee728b)
Start importing Assets/Scenes/Level-02.unity using Guid(583af7d3afd45684cb3ebfe282610be3) Importer(815301076,1909f56bfc062723c751e8b465ee728b)  -> (artifact id: 'f7d4768abf731d27b199028223f4d9eb') in 0.010115 seconds
  Import took 0.017208 seconds .

========================================================================
Received Import Request.
  Time since last request: 1.176130 seconds.
  path: Assets/Scenes/Level-03.unity
  artifactKey: Guid(cd752903a3f28b348817cb870f13a1e5) Importer(815301076,1909f56bfc062723c751e8b465ee728b)
Start importing Assets/Scenes/Level-03.unity using Guid(cd752903a3f28b348817cb870f13a1e5) Importer(815301076,1909f56bfc062723c751e8b465ee728b)  -> (artifact id: 'd25312199cec29b09fda439d263fe98a') in 0.039365 seconds
  Import took 0.052020 seconds .

========================================================================
Received Import Request.
  Time since last request: 0.012550 seconds.
  path: Assets/Scenes/Level-03.unity
  artifactKey: Guid(cd752903a3f28b348817cb870f13a1e5) Importer(815301076,1909f56bfc062723c751e8b465ee728b)
Start importing Assets/Scenes/Level-03.unity using Guid(cd752903a3f28b348817cb870f13a1e5) Importer(815301076,1909f56bfc062723c751e8b465ee728b)  -> (artifact id: 'd25312199cec29b09fda439d263fe98a') in 0.015102 seconds
  Import took 0.026978 seconds .

========================================================================
Received Import Request.
  Time since last request: 1.500210 seconds.
  path: Assets/Scenes/Level-04.unity
  artifactKey: Guid(2592a3d033b5d8d41aac81ab2f7a75c3) Importer(815301076,1909f56bfc062723c751e8b465ee728b)
Start importing Assets/Scenes/Level-04.unity using Guid(2592a3d033b5d8d41aac81ab2f7a75c3) Importer(815301076,1909f56bfc062723c751e8b465ee728b)  -> (artifact id: '116d2111e84e37aee713597cc2c0ffea') in 0.015664 seconds
  Import took 0.038787 seconds .

========================================================================
Received Import Request.
  Time since last request: 1.415088 seconds.
  path: Assets/Scenes/Level-05.unity
  artifactKey: Guid(2e162c261db098c4aa56a325dc19b068) Importer(815301076,1909f56bfc062723c751e8b465ee728b)
Start importing Assets/Scenes/Level-05.unity using Guid(2e162c261db098c4aa56a325dc19b068) Importer(815301076,1909f56bfc062723c751e8b465ee728b)  -> (artifact id: '3b1085b56a2846587839e080309407a9') in 0.015372 seconds
  Import took 0.041410 seconds .

========================================================================
Received Import Request.
  Time since last request: 0.020676 seconds.
  path: Assets/Scenes/Level-05.unity
  artifactKey: Guid(2e162c261db098c4aa56a325dc19b068) Importer(815301076,1909f56bfc062723c751e8b465ee728b)
Start importing Assets/Scenes/Level-05.unity using Guid(2e162c261db098c4aa56a325dc19b068) Importer(815301076,1909f56bfc062723c751e8b465ee728b)  -> (artifact id: '3b1085b56a2846587839e080309407a9') in 0.009936 seconds
  Import took 0.016291 seconds .

========================================================================
Received Prepare
Registering precompiled user dll's ...
Registered in 0.006634 seconds.
Begin MonoManager ReloadAssembly
Native extension for WindowsStandalone target not found
Refreshing native plugins compatible for Editor in 0.39 ms, found 0 plugins.
Preloading 0 native plugins for Editor in 0.00 ms.
Mono: successfully reloaded assembly
- Completed reload, in  2.105 seconds
Platform modules already initialized, skipping
Refreshing native plugins compatible for Editor in 1.15 ms, found 0 plugins.
Preloading 0 native plugins for Editor in 0.00 ms.
Unloading 1242 Unused Serialized files (Serialized files now loaded: 0)
System memory in use before: 68.1 MB.
System memory in use after: 68.2 MB.

Unloading 4 unused Assets to reduce memory usage. Loaded Objects now: 1745.
Total: 3.990900 ms (FindLiveObjects: 0.393400 ms CreateObjectMapping: 0.171100 ms MarkObjects: 3.391700 ms  DeleteObjects: 0.031700 ms)

AssetImportWorkerClient::OnTransportError - code=2 error=End of file
